Error has occured.. writing data structure to file
PROCESSING NEW INDIVIDUAL: INDEX = 3653, PERSON = CHARTER SCHOOL LEADER - MS. SUSANNA SIERRA

Message: TimedPromise timed out after 300000 ms

Error has occured.. writing data structure to file
PROCESSING NEW INDIVIDUAL: INDEX = 3654, PERSON = CHARTER SCHOOL LEADER - MS. NADINE RUBINSTEIN

Message: Reached error page: about:neterror?e=dnsNotFound&u=https%3A//www.ascendlearning.org/lower-schools/lwer/&c=UTF-8&d=We%20can%E2%80%99t%20connect%20to%20the%20server%20at%20www.ascendlearning.org.

Error has occured.. writing data structure to file
PROCESSING NEW INDIVIDUAL: INDEX = 3655, PERSON = CHARTER SCHOOL LEADER - MS. SHANNON-RE ISMAEL
Resulting Email Address For Person: ISMAEL = shannonre.ismael@ascendlearning.org
Sleeping for 27 seconds

PROCESSING NEW INDIVIDUAL: INDEX = 3656, PERSON = DIRECTOR - MS. DEBORAH F. ROBERTS
Resulting Email Address For Person: ROBERTS = None
Sleeping for 25 seconds

PROCESSING NEW INDIVIDUAL: INDEX = 3657, PERSON = EXECUTIVE DIRECTOR - MR. ANTHONY BRIGGS

Message: Reached error page: about:neterror?e=dnsNotFound&u=https%3A//dioceseofnewark.org/locations/cross-ro%80%99t%20connect%20to%20the%20server%20at%20dioceseofnewark.org.

Error has occured.. writing data structure to file
PROCESSING NEW INDIVIDUAL: INDEX = 3658, PERSON = PRINCIPAL - MS. JODI FALK
Resulting Email Address For Person: FALK = None
Sleeping for 39 seconds

PROCESSING NEW INDIVIDUAL: INDEX = 3659, PERSON = PRINCIPAL - MR. MARK HANDELMAN
Resulting Email Address For Person: HANDELMAN = mhandelman@leaguecenter.org
Sleeping for 14 seconds

PROCESSING NEW INDIVIDUAL: INDEX = 3660, PERSON = PRINCIPAL - MS. ABENAA FREMPONG-BOADU

Message: TimedPromise timed out after 300000 ms

Error has occured.. writing data structure to file
PROCESSING NEW INDIVIDUAL: INDEX = 3661, PERSON = PRINCINPAL - MR. ARTEMAS JULIEN
Resulting Email Address For Person: JULIEN = None
Sleeping for 4 seconds

PROCESSING NEW INDIVIDUAL: INDEX = 3662, PERSON = SUPERINTENDENT - MS. BEVERLY A. WILKINS
Resulting Email Address For Person: WILKINS = None
Sleeping for 40 seconds

PROCESSING NEW INDIVIDUAL: INDEX = 3663, PERSON = PRINCIPAL - MS. TAMEEKA MCNEIL

Message: TimedPromise timed out after 300000 ms

Error has occured.. writing data structure to file
PROCESSING NEW INDIVIDUAL: INDEX = 3664, PERSON = PRINCIPAL - MR. MERVE WILLIAMS

Message: Reached error page: about:neterror?e=dnsNotFound&u=https%3A//www.is68.org/&c=UTF-8&d=We%20can%E2%80%20server%20at%20www.is68.org.

Error has occured.. writing data structure to file
PROCESSING NEW INDIVIDUAL: INDEX = 3665, PERSON = PRINCIPAL - MS. LATINA TENTION

Message: TimedPromise timed out after 300000 ms

Error has occured.. writing data structure to file
PROCESSING NEW INDIVIDUAL: INDEX = 3666, PERSON = PRINCIPAL - MR. JONATHAN LEE
Resulting Email Address For Person: LEE = JACK.LEE@LOCKEARTS.ORG
Sleeping for 1 seconds

PROCESSING NEW INDIVIDUAL: INDEX = 3667, PERSON = PRINCIPAL - MS. TREVLYN MCRAE
Resulting Email Address For Person: MCRAE = tmcrae2@schools.nyc.gov
Sleeping for 38 seconds

PROCESSING NEW INDIVIDUAL: INDEX = 3668, PERSON = ACTING PRINCIPAL - MS. MARJORIE JACKSON

Message: TimedPromise timed out after 300000 ms

Error has occured.. writing data structure to file
PROCESSING NEW INDIVIDUAL: INDEX = 3669, PERSON = PRINCIPAL - MS. CAROLYN JAMES
Resulting Email Address For Person: JAMES = cjames3@schools.nyc.gov
Sleeping for 9 seconds

PROCESSING NEW INDIVIDUAL: INDEX = 3670, PERSON = PRINCIPAL - MS. WINSOME G. SMITH
Resulting Email Address For Person: SMITH = WSMITH4@SCHOOLS.NYC.GOV
Sleeping for 10 seconds

PROCESSING NEW INDIVIDUAL: INDEX = 3671, PERSON = PRINCIPAL - MS. DENEAN STEPHENS

Message: TimedPromise timed out after 300000 ms

Error has occured.. writing data structure to file
PROCESSING NEW INDIVIDUAL: INDEX = 3672, PERSON = PRINCIPAL - MS. NICOLA GRANT
Resulting Email Address For Person: GRANT = ngrant4@schools.nyc.gov
Sleeping for 45 seconds

PROCESSING NEW INDIVIDUAL: INDEX = 3673, PERSON = PRINCIPAL - MR. DEON EDWARDS
Resulting Email Address For Person: EDWARDS = DEDWARDS@SCHOOLS.NYC.GOV
Sleeping for 3 seconds

PROCESSING NEW INDIVIDUAL: INDEX = 3674, PERSON = PRINCIPAL - MS. SYLVIA FAIRCLOUGH

Message: TimedPromise timed out after 300000 ms

Error has occured.. writing data structure to file
PROCESSING NEW INDIVIDUAL: INDEX = 3675, PERSON = PRINCIPAL - MS. DAKOTA KEYES
Resulting Email Address For Person: KEYES = dkeyes@schools.nyc.gov
Sleeping for 3 seconds

PROCESSING NEW INDIVIDUAL: INDEX = 3676, PERSON = PRINCIPAL - MS. YASMINE FIDELIA

Message: TimedPromise timed out after 300000 ms

Error has occured.. writing data structure to file
PROCESSING NEW INDIVIDUAL: INDEX = 3677, PERSON = PRINCIPAL - MR. LORENZO CHAMBERS
Resulting Email Address For Person: CHAMBERS = LCHAMBERS@SCHOOLS.NYC.GOV
Sleeping for 4 seconds

PROCESSING NEW INDIVIDUAL: INDEX = 3678, PERSON = PRINCIPAL - MS. JAMIE HENDRICKSON

Message: TimedPromise timed out after 300000 ms

Error has occured.. writing data structure to file
PROCESSING NEW INDIVIDUAL: INDEX = 3679, PERSON = PRINCIPAL - MR. DENNIS HERRING
Resulting Email Address For Person: HERRING = None
Sleeping for 19 seconds

PROCESSING NEW INDIVIDUAL: INDEX = 3680, PERSON = PRINCIPAL - MR. JAMEELA HORTON

Message: TimedPromise timed out after 300000 ms

Error has occured.. writing data structure to file
PROCESSING NEW INDIVIDUAL: INDEX = 3681, PERSON = PRINCIPAL - MR. CHRISTOPHER PADMORE
Resulting Email Address For Person: PADMORE = CPADMORE@MS-AP.ORG
Sleeping for 15 seconds

PROCESSING NEW INDIVIDUAL: INDEX = 3682, PERSON = PRINCIPAL - MS. ANGELA DEFILIPPIS
Resulting Email Address For Person: DEFILIPPIS = adefilippis@brooklynsea.org
Sleeping for 37 seconds

PROCESSING NEW INDIVIDUAL: INDEX = 3683, PERSON = PRINCIPAL - DR. VICTOR FRIAS
Resulting Email Address For Person: FRIAS = vfrias@itavabrooklyn.org
Sleeping for 8 seconds

PROCESSING NEW INDIVIDUAL: INDEX = 3684, PERSON = PRINCIPAL - MR. LOUIS GARCIA
Resulting Email Address For Person: GARCIA = lgarcia32@schools.nyc.gov
Sleeping for 9 seconds

PROCESSING NEW INDIVIDUAL: INDEX = 3685, PERSON = PRINCIPAL - MR. DAVID WARD
Resulting Email Address For Person: WARD = DWard5@schools.nyc.gov
Sleeping for 12 seconds

PROCESSING NEW INDIVIDUAL: INDEX = 3686, PERSON = PRINCIPAL - MS. VERONICA COLEMAN-XAVIER

Message: TimedPromise timed out after 300000 ms

Error has occured.. writing data structure to file
PROCESSING NEW INDIVIDUAL: INDEX = 3687, PERSON = PRINCIPAL - MR. ANGELO MARRA
Resulting Email Address For Person: MARRA = AMARRA@SCHOOLS.NYC.GOV
Sleeping for 8 seconds

PROCESSING NEW INDIVIDUAL: INDEX = 3688, PERSON = PRINCIPAL - MR. MAX JEAN PAUL
Resulting Email Address For Person: PAUL = None
Sleeping for 24 seconds

PROCESSING NEW INDIVIDUAL: INDEX = 3689, PERSON = PRINCIPAL - MS. ADALEZA MICHELENA
Resulting Email Address For Person: MICHELENA = amichelena@iam-hs.org
Sleeping for 23 seconds

PROCESSING NEW INDIVIDUAL: INDEX = 3690, PERSON = PRINCIPAL - MS. SANATHA ALEXIS
Resulting Email Address For Person: ALEXIS = SALEXIS@SCHOOLS.NYC.GOV
Sleeping for 3 seconds

PROCESSING NEW INDIVIDUAL: INDEX = 3691, PERSON = PRINCIPAL - MS. PAULINE O'BRIEN
Resulting Email Address For Person: O'BRIEN = bobrien3@schools.nyc.gov
Sleeping for 32 seconds

PROCESSING NEW INDIVIDUAL: INDEX = 3692, PERSON = PRINCIPAL - MR. BRUCE GONZALES
Resulting Email Address For Person: GONZALES = BGONZALES@SCHOOLS.NYC.GOV
Sleeping for 12 seconds

PROCESSING NEW INDIVIDUAL: INDEX = 3693, PERSON = PRINCIPAL - MR. EUGENE MAZZOLA
Resulting Email Address For Person: MAZZOLA = EMAZZOLA@SCHOOLS.NYC.GOV
Sleeping for 6 seconds

PROCESSING NEW INDIVIDUAL: INDEX = 3694, PERSON = PRINCIPAL - MS. FAREEDA GARCIA

Message: TimedPromise timed out after 300000 ms

Error has occured.. writing data structure to file
PROCESSING NEW INDIVIDUAL: INDEX = 3695, PERSON = PRINCIPAL - MR. PATRICK MCGILLICUDDY
Resulting Email Address For Person: MCGILLICUDDY = None
Sleeping for 18 seconds

PROCESSING NEW INDIVIDUAL: INDEX = 3696, PERSON = PRESIDENT - MS. PROVIDENCIA QUILES
Resulting Email Address For Person: QUILES = pquiles@nazarethrhs.org
Sleeping for 1 seconds

PROCESSING NEW INDIVIDUAL: INDEX = 3697, PERSON = PRINCIPAL - MRS. JEANNETTE BOURSIQUOT-CHARLES
Resulting Email Address For Person: BOURSIQUOT-CHARLES = None
Sleeping for 14 seconds

PROCESSING NEW INDIVIDUAL: INDEX = 3698, PERSON = PRINCIPAL - MS. MURIEL WILKINSON
Resulting Email Address For Person: WILKINSON = MWilkinson@ourladyoftrustca.org
Sleeping for 16 seconds

PROCESSING NEW INDIVIDUAL: INDEX = 3699, PERSON = ADMINISTRATOR - MR. ABE FELBERBAUM
Resulting Email Address For Person: FELBERBAUM = None
Sleeping for 27 seconds

PROCESSING NEW INDIVIDUAL: INDEX = 3700, PERSON = ADMINISTRATOR - MR. AHRON WOSNER
Resulting Email Address For Person: WOSNER = None
Sleeping for 26 seconds

PROCESSING NEW INDIVIDUAL: INDEX = 3701, PERSON = ADMINISTRATOR - MR. YAAKOV STEIMETZ
Resulting Email Address For Person: STEIMETZ = None
Sleeping for 38 seconds

PROCESSING NEW INDIVIDUAL: INDEX = 3702, PERSON = ADMINISTRATOR - MR. BERNARD M. KAHN
Resulting Email Address For Person: KAHN = None
Sleeping for 7 seconds

PROCESSING NEW INDIVIDUAL: INDEX = 3703, PERSON = ADMINISTRATOR - RABBI MAYER ALTMAN
Resulting Email Address For Person: ALTMAN = None
Sleeping for 17 seconds

PROCESSING NEW INDIVIDUAL: INDEX = 3704, PERSON = ADMINISTRATOR - MS. SONIA SINGH
Resulting Email Address For Person: SINGH = bsingh@essextech.org
Sleeping for 2 seconds

PROCESSING NEW INDIVIDUAL: INDEX = 3705, PERSON = PRINCIPAL - MS. VERONICA WALKER
Resulting Email Address For Person: WALKER = None
Sleeping for 2 seconds

PROCESSING NEW INDIVIDUAL: INDEX = 3706, PERSON = PRINCIPAL - MR. IVANHOE DOUGLAS
Resulting Email Address For Person: DOUGLAS = None
Sleeping for 27 seconds

PROCESSING NEW INDIVIDUAL: INDEX = 3707, PERSON = PRINCIPAL - DR. SHERRY HAMILTON

Message: Reached error page: about:neterror?e=dnsNotFound&u=https%3A//nyc.scholarshipfund.org/school/battaliTF-8&d=We%20can%E2%80%99t%20connect%20to%20the%20server%20at%20nyc.scholarshipfund.org.

Error has occured.. writing data structure to file
PROCESSING NEW INDIVIDUAL: INDEX = 3708, PERSON = CHARTER SCHOOL LEADER - MS. ANNA BEAR DALLIS
Resulting Email Address For Person: DALLIS = abdallis@explorenetwork.org
Sleeping for 29 seconds

PROCESSING NEW INDIVIDUAL: INDEX = 3709, PERSON = CHARTER SCHOOL LEADER - MS. SHANNON COUDURIER
Resulting Email Address For Person: COUDURIER = None
Sleeping for 27 seconds

PROCESSING NEW INDIVIDUAL: INDEX = 3710, PERSON = CHARTER SCHOOL CO-LEADER - MS. ELENA STRAUSS
Resulting Email Address For Person: STRAUSS = None
Sleeping for 40 seconds

PROCESSING NEW INDIVIDUAL: INDEX = 3711, PERSON = CHARTER SCHOOL LEADER - MS. ABBY CHAPMAN
Resulting Email Address For Person: CHAPMAN = None
Sleeping for 39 seconds

PROCESSING NEW INDIVIDUAL: INDEX = 3712, PERSON = CHARTER SCHOOL LEADER - DR. LAURIE B. MIDGETTE

Message: TimedPromise timed out after 300000 ms

Error has occured.. writing data structure to file
PROCESSING NEW INDIVIDUAL: INDEX = 3713, PERSON = CHARTER SCHOOL LEADER - MS. ANASTASIA MICHALS
Resulting Email Address For Person: MICHALS = amichals@ascendlearning.org
Sleeping for 10 seconds

PROCESSING NEW INDIVIDUAL: INDEX = 3714, PERSON = CHARTER SCHOOL LEADER - MS. LISA PARQUETTE SILVA
Resulting Email Address For Person: SILVA = None
Sleeping for 45 seconds

PROCESSING NEW INDIVIDUAL: INDEX = 3715, PERSON = CHARTER SCHOOL LEADER - MS. AMBROSIA JOHNSON

Message: TimedPromise timed out after 300000 ms

Error has occured.. writing data structure to file
PROCESSING NEW INDIVIDUAL: INDEX = 3716, PERSON = CHARTER SCHOOL LEADER - REVEREND ALFRED COCKFIELD
Resulting Email Address For Person: COCKFIELD = alcockfield@gmail.com
Sleeping for 22 seconds

PROCESSING NEW INDIVIDUAL: INDEX = 3717, PERSON = PRINCIPAL - MS. MARIA CALLENDER
Resulting Email Address For Person: CALLENDER = None
Sleeping for 41 seconds

PROCESSING NEW INDIVIDUAL: INDEX = 3718, PERSON = DIRECTOR - MS. MARIE JOSEPH
Resulting Email Address For Person: JOSEPH = None
Sleeping for 3 seconds

PROCESSING NEW INDIVIDUAL: INDEX = 3719, PERSON = DIRECTOR - MR. DERRICK DICKSON
Resulting Email Address For Person: DICKSON = None
Sleeping for 34 seconds

PROCESSING NEW INDIVIDUAL: INDEX = 3720, PERSON = DIRECTOR - MS. DENISE MILLS
Resulting Email Address For Person: MILLS = None
Sleeping for 36 seconds

PROCESSING NEW INDIVIDUAL: INDEX = 3721, PERSON = PRINCIPAL - MS. NAUDIA SALVODON
Resulting Email Address For Person: SALVODON = None
Sleeping for 1 seconds

PROCESSING NEW INDIVIDUAL: INDEX = 3722, PERSON = EXECUTIVE DIRECTOR - DR. GITTY ENDZWEIG
Resulting Email Address For Person: ENDZWEIG = None
Sleeping for 12 seconds

PROCESSING NEW INDIVIDUAL: INDEX = 3723, PERSON = DIRECTOR - MR. PAUL RICHARDS

Message: TimedPromise timed out after 300000 ms

Error has occured.. writing data structure to file
PROCESSING NEW INDIVIDUAL: INDEX = 3724, PERSON = PRINCIPAL - MS. JASMIN A. HOYT
Resulting Email Address For Person: HOYT = None
Sleeping for 21 seconds

PROCESSING NEW INDIVIDUAL: INDEX = 3725, PERSON = SUPERINTENDENT - MR. THOMAS MCBRYDE
Resulting Email Address For Person: MCBRYDE = None
Sleeping for 39 seconds

PROCESSING NEW INDIVIDUAL: INDEX = 3726, PERSON = PRINCIPAL - MS. CAROLYN NOEL
Resulting Email Address For Person: NOEL = CNOEL@007K.ORG
Sleeping for 4 seconds

PROCESSING NEW INDIVIDUAL: INDEX = 3727, PERSON = PRINCIPAL - MS. MAXINE CAMERON
Resulting Email Address For Person: CAMERON = MCAMERON@SCHOOLS.NYC.GOV
Sleeping for 36 seconds

PROCESSING NEW INDIVIDUAL: INDEX = 3728, PERSON = PRINCIPAL - MS. DAYSI GARCIA
Resulting Email Address For Person: GARCIA = DGARCIA8@SCHOOLS.NYC.GOV
Sleeping for 33 seconds

PROCESSING NEW INDIVIDUAL: INDEX = 3729, PERSON = PRINCIPAL - MS. IRENE LEON
Resulting Email Address For Person: LEON = ileon@schools.nyc.gov
Sleeping for 33 seconds

PROCESSING NEW INDIVIDUAL: INDEX = 3730, PERSON = PRINCIPAL - MS. CONSTANCE HAHN
Resulting Email Address For Person: HAHN = CHAHN3@SCHOOLS.NYC.GOV
Sleeping for 15 seconds

PROCESSING NEW INDIVIDUAL: INDEX = 3731, PERSON = PRINCIPAL - MS. YVETTE DONALD

Message: TimedPromise timed out after 300000 ms

Error has occured.. writing data structure to file
PROCESSING NEW INDIVIDUAL: INDEX = 3732, PERSON = PRINCIPAL - MS. LATISHIA TOWLES
Resulting Email Address For Person: TOWLES = LTOWLES@SCHOOLS.NYC.GOV
Sleeping for 35 seconds

PROCESSING NEW INDIVIDUAL: INDEX = 3733, PERSON = PRINCIPAL - MS. MONICA DUNCAN
Resulting Email Address For Person: DUNCAN = MDUNCAN@SCHOOLS.NYC.GOV
Sleeping for 43 seconds

PROCESSING NEW INDIVIDUAL: INDEX = 3734, PERSON = PRINCIPAL - MS. INDIRA MOTA
Resulting Email Address For Person: MOTA = None
Sleeping for 30 seconds

PROCESSING NEW INDIVIDUAL: INDEX = 3735, PERSON = PRINCIPAL - MR. STEPHAUN HILL
Resulting Email Address For Person: HILL = shill3@schools.nyc.gov
Sleeping for 24 seconds

PROCESSING NEW INDIVIDUAL: INDEX = 3736, PERSON = PRINCIPAL - MR. RONALD JAMES

Message: TimedPromise timed out after 300000 ms

Error has occured.. writing data structure to file
PROCESSING NEW INDIVIDUAL: INDEX = 3737, PERSON = PRINCIPAL - MR. STANLEY MOISE
Resulting Email Address For Person: MOISE = None
Sleeping for 19 seconds

PROCESSING NEW INDIVIDUAL: INDEX = 3738, PERSON = PRINCIPAL - MS. SHARON MAHABIR
Resulting Email Address For Person: MAHABIR = SMAHABIR@SCHOOLS.NYC.GOV
Sleeping for 16 seconds

PROCESSING NEW INDIVIDUAL: INDEX = 3739, PERSON = PRINCIPAL - MS. LISA ANN HERMANN

Message: TimedPromise timed out after 300000 ms

Error has occured.. writing data structure to file
PROCESSING NEW INDIVIDUAL: INDEX = 3740, PERSON = PRINCIPAL - MS. ROCHELLE HINDS
Resulting Email Address For Person: HINDS = RHINDS@SCHOOLS.NYC.GOV
Sleeping for 38 seconds

PROCESSING NEW INDIVIDUAL: INDEX = 3741, PERSON = PRINCIPAL - MS. MELESSA AVERY
Resulting Email Address For Person: AVERY = MAVERY@SCHOOLS.NYC.GOV
Sleeping for 20 seconds

PROCESSING NEW INDIVIDUAL: INDEX = 3742, PERSON = PRINCIPAL - MS. BRIGITTE NEWELL
Resulting Email Address For Person: NEWELL = BNEWELL@SCHOOLS.NYC.GOV
Sleeping for 27 seconds

PROCESSING NEW INDIVIDUAL: INDEX = 3743, PERSON = PRINCIPAL - MR. AHMED EDWARDS

Message: TimedPromise timed out after 300000 ms

Error has occured.. writing data structure to file
PROCESSING NEW INDIVIDUAL: INDEX = 3744, PERSON = PRINCIPAL - MS. LENIKA VANE

Message: TimedPromise timed out after 300000 ms

Error has occured.. writing data structure to file
PROCESSING NEW INDIVIDUAL: INDEX = 3745, PERSON = PRINCIPAL - MS. LISA GOODSON
Resulting Email Address For Person: GOODSON = tgoodson@paramusschools.org
Sleeping for 12 seconds

PROCESSING NEW INDIVIDUAL: INDEX = 3746, PERSON = PRINCIPAL - MS. MARIE DESFORGES

Message: TimedPromise timed out after 300000 ms

Error has occured.. writing data structure to file
PROCESSING NEW INDIVIDUAL: INDEX = 3747, PERSON = PRINCIPAL - MR. PAUL THOMAS

Message: TimedPromise timed out after 300000 ms

Error has occured.. writing data structure to file
PROCESSING NEW INDIVIDUAL: INDEX = 3748, PERSON = PRINCIPAL - MR. JABARI EDWARDS

Message: TimedPromise timed out after 300000 ms

Error has occured.. writing data structure to file
PROCESSING NEW INDIVIDUAL: INDEX = 3749, PERSON = PRINCIPAL - MS. NICOLE FRASER EDMUND

Message: TimedPromise timed out after 300000 ms

Error has occured.. writing data structure to file
PROCESSING NEW INDIVIDUAL: INDEX = 3750, PERSON = PRINCIPAL - MS. CHANTAL GRANDCHAMPS
Resulting Email Address For Person: GRANDCHAMPS = None
Sleeping for 33 seconds

PROCESSING NEW INDIVIDUAL: INDEX = 3751, PERSON = PRINCIPAL - MS. CIANI ESPADA

Message: TimedPromise timed out after 300000 ms

Error has occured.. writing data structure to file
PROCESSING NEW INDIVIDUAL: INDEX = 3752, PERSON = PRINCIPAL - MS. ADONNA MCFARLAND
Resulting Email Address For Person: MCFARLAND = AMCFARLAND@SCHOOLS.NYC.GOV
Sleeping for 37 seconds

PROCESSING NEW INDIVIDUAL: INDEX = 3753, PERSON = PRINCIPAL - MR. BERNARD ADDO
Resulting Email Address For Person: ADDO = BADDO@SCHOOLS.NYC.GOV
Sleeping for 22 seconds

PROCESSING NEW INDIVIDUAL: INDEX = 3754, PERSON = PRINCIPAL - MS. KAIA NORDTVEDT

Message: TimedPromise timed out after 300000 ms

Error has occured.. writing data structure to file
PROCESSING NEW INDIVIDUAL: INDEX = 3755, PERSON = PRINCIPAL - MR. ROBERT BURNSIDE

Message: TimedPromise timed out after 300000 ms

Error has occured.. writing data structure to file
PROCESSING NEW INDIVIDUAL: INDEX = 3756, PERSON = PRINCIPAL - MS. JANET HUGER
Resulting Email Address For Person: HUGER = JHUGER@SCHOOLS.NYC.GOV
Sleeping for 39 seconds

PROCESSING NEW INDIVIDUAL: INDEX = 3757, PERSON = PRINCIPAL - MR. MALIK SMALL

Message: TimedPromise timed out after 300000 ms

Error has occured.. writing data structure to file
PROCESSING NEW INDIVIDUAL: INDEX = 3758, PERSON = PRINCIPAL - MR. JAMILAH SEIFULLAH

Message: TimedPromise timed out after 300000 ms

Error has occured.. writing data structure to file
PROCESSING NEW INDIVIDUAL: INDEX = 3759, PERSON = PRINCIPAL - MR. CHRISTOPHER GUIDARELLI
Resulting Email Address For Person: GUIDARELLI = None
Sleeping for 1 seconds

PROCESSING NEW INDIVIDUAL: INDEX = 3760, PERSON = PRINCIPAL - DR. TENEIKA BENN
Resulting Email Address For Person: BENN = None
Sleeping for 14 seconds

PROCESSING NEW INDIVIDUAL: INDEX = 3761, PERSON = PRINCIPAL - MR. AADEN STERN
Resulting Email Address For Person: STERN = None
Sleeping for 44 seconds

PROCESSING NEW INDIVIDUAL: INDEX = 3762, PERSON = PRINCIPAL - MR. ANTHONY YARD
Resulting Email Address For Person: YARD = AYARD3@SCHOOLS.NYC.GOV
Sleeping for 32 seconds

PROCESSING NEW INDIVIDUAL: INDEX = 3763, PERSON = PRINCIPAL - MS. CHRISTINE KOZA
Resulting Email Address For Person: KOZA = ckoza@sccsbrooklyn.org
Sleeping for 28 seconds

PROCESSING NEW INDIVIDUAL: INDEX = 3764, PERSON = PRINCIPAL - MR. JAMES ANDERSON
Resulting Email Address For Person: ANDERSON = None
Sleeping for 11 seconds

PROCESSING NEW INDIVIDUAL: INDEX = 3765, PERSON = PRINCIPAL - MS. SHEILA TOMLIN
Resulting Email Address For Person: TOMLIN = jtomlin@gips.org
Sleeping for 40 seconds

PROCESSING NEW INDIVIDUAL: INDEX = 3766, PERSON = PRINCIPAL - MR. FRANKLIN ENCARNACION
Resulting Email Address For Person: ENCARNACION = None
Sleeping for 14 seconds

PROCESSING NEW INDIVIDUAL: INDEX = 3767, PERSON = PRINCIPAL - MS. CLAUDETTE CHRISTIE
Resulting Email Address For Person: CHRISTIE = None
Sleeping for 9 seconds

PROCESSING NEW INDIVIDUAL: INDEX = 3768, PERSON = PRINCIPAL - MS. ALEXANDRA HERNANDEZ
Resulting Email Address For Person: HERNANDEZ = ahernandez7@schools.nyc.gov
Sleeping for 43 seconds

PROCESSING NEW INDIVIDUAL: INDEX = 3769, PERSON = PRINCIPAL - MR. MARLON BYNUM
Resulting Email Address For Person: BYNUM = MBYNUM@SCHOOLS.NYC.GOV
Sleeping for 32 seconds

PROCESSING NEW INDIVIDUAL: INDEX = 3770, PERSON = ACTING PRINCIPAL - MS. MEGHAN LYNCH
Resulting Email Address For Person: LYNCH = MLYNCH@NYCLABSCHOOL.ORG
Sleeping for 35 seconds

PROCESSING NEW INDIVIDUAL: INDEX = 3771, PERSON = PRINCIPAL - MR. GERARD HENRY
Resulting Email Address For Person: HENRY = ghenry@brooklynlabschool.org
Sleeping for 12 seconds

PROCESSING NEW INDIVIDUAL: INDEX = 3772, PERSON = PRINCIPAL - MS. AMY YAGER
Resulting Email Address For Person: YAGER = AYAGER@SCHOOLS.NYC.GOV
Sleeping for 45 seconds

PROCESSING NEW INDIVIDUAL: INDEX = 3773, PERSON = PRINCIPAL - MS. JOCELYN BADETTE
Resulting Email Address For Person: BADETTE = None
Sleeping for 11 seconds

PROCESSING NEW INDIVIDUAL: INDEX = 3774, PERSON = PRINCIPAL - MS. NICOLE TANCREDI
Resulting Email Address For Person: TANCREDI = daniel.tancredi@ucdmc.ucdavis.edu
Sleeping for 39 seconds

PROCESSING NEW INDIVIDUAL: INDEX = 3775, PERSON = PRINCIPAL - MS. CANDACE HUGEE
Resulting Email Address For Person: HUGEE = CANDACE.HUGEE@UASCH.ORG
Sleeping for 35 seconds

PROCESSING NEW INDIVIDUAL: INDEX = 3776, PERSON = PRINCIPAL - MR. JUSTIN DAVIS
Resulting Email Address For Person: DAVIS = JustinDavis@gisd.org
Sleeping for 11 seconds

PROCESSING NEW INDIVIDUAL: INDEX = 3777, PERSON = PRINCIPAL - MS. MARYLOU CELMER

Message: Reached error page: about:neterror?e=dnsNotFound&u=https%3A//scholarshipfund.org/school/blessed-sacc=UTF-8&d=We%20can%E2%80%99t%20connect%20to%20the%20server%20at%20scholarshipfund.org.

Error has occured.. writing data structure to file
PROCESSING NEW INDIVIDUAL: INDEX = 3778, PERSON = PRINCIPAL - MS. MICHELLE DONATO
Resulting Email Address For Person: DONATO = mdonato@srca.org
Sleeping for 35 seconds

PROCESSING NEW INDIVIDUAL: INDEX = 3779, PERSON = PRINCIPAL - MR. CHANA R. ZUCKER
Resulting Email Address For Person: ZUCKER = czucker@beerhagolah.org
Sleeping for 19 seconds

PROCESSING NEW INDIVIDUAL: INDEX = 3780, PERSON = PRINCIPAL - MS. SHEILA TAUB
Resulting Email Address For Person: TAUB = taub@beerhagolah.org
Sleeping for 36 seconds

PROCESSING NEW INDIVIDUAL: INDEX = 3781, PERSON = PRINCIPAL - MR. DWIGHT NISLY
Resulting Email Address For Person: NISLY = None
Sleeping for 26 seconds

PROCESSING NEW INDIVIDUAL: INDEX = 3782, PERSON = PRINCIPAL - MR. DENARO LIVERPOOL

Message: Reached error page: about:neterror?e=dnsNotFound&u=https%3A//scholarshipfund.org/school/new-grace-c%E2%80%99t%20connect%20to%20the%20server%20at%20scholarshipfund.org.

Error has occured.. writing data structure to file
PROCESSING NEW INDIVIDUAL: INDEX = 3783, PERSON = ADMINISTRATOR - MS. JANIE C. WHITNEY
Resulting Email Address For Person: WHITNEY = jwhitney@treywhitfieldschool.org
Sleeping for 42 seconds

PROCESSING NEW INDIVIDUAL: INDEX = 3784, PERSON = CHARTER SCHOOL CO-LEADER - MS. MERYL SENTER
Resulting Email Address For Person: SENTER = None
Sleeping for 43 seconds

PROCESSING NEW INDIVIDUAL: INDEX = 3785, PERSON = CHARTER SCHOOL LEADER - MR. NOAH HELLMAN
Resulting Email Address For Person: HELLMAN = noahhellman@achievementfirst.org
Sleeping for 28 seconds

PROCESSING NEW INDIVIDUAL: INDEX = 3786, PERSON = CHARTER SCHOOL LEADER - MS. ROXANNE THOMAS

Message: TimedPromise timed out after 300000 ms

Error has occured.. writing data structure to file
PROCESSING NEW INDIVIDUAL: INDEX = 3787, PERSON = EXECUTIVE DIRECTOR - DR. SANDRA J. DUPREE
Resulting Email Address For Person: DUPREE = sdupree@hydebrooklyn.org
Sleeping for 11 seconds

PROCESSING NEW INDIVIDUAL: INDEX = 3788, PERSON = CHARTER SCHOOL LEADER - MR. BEVON THOMPSON
Resulting Email Address For Person: THOMPSON = Bthompson@imlcs.org
Sleeping for 16 seconds

PROCESSING NEW INDIVIDUAL: INDEX = 3789, PERSON = CHARTER SCHOOL LEADER - MR. JORDAN HARDY

Message: TimedPromise timed out after 300000 ms

Error has occured.. writing data structure to file
PROCESSING NEW INDIVIDUAL: INDEX = 3790, PERSON = CHARTER SCHOOL LEADER - MR. GEORGE LEONARD
Resulting Email Address For Person: LEONARD = None
Sleeping for 5 seconds

PROCESSING NEW INDIVIDUAL: INDEX = 3791, PERSON = CHARTER SCHOOL LEADER - MS. ASHLEY BAEZ

Message: TimedPromise timed out after 300000 ms

Error has occured.. writing data structure to file
PROCESSING NEW INDIVIDUAL: INDEX = 3792, PERSON = CHARTER SCHOOL LEADER - MS. LISSETTE ROMAN

Message: Reached error page: about:neterror?e=dnsNotFound&u=https%3A//www.ascendlearning.org/lower-schools/c/&c=UTF-8&d=We%20can%E2%80%99t%20connect%20to%20the%20server%20at%20www.ascendlearning.org.

Error has occured.. writing data structure to file
PROCESSING NEW INDIVIDUAL: INDEX = 3793, PERSON = CHARTER SCHOOL LEADER - MS. LISSETTE ROMAN

Message: Reached error page: about:neterror?e=dnsNotFound&u=https%3A//www.ascendlearning.org/our-team/&c=UTF0connect%20to%20the%20server%20at%20www.ascendlearning.org.

Error has occured.. writing data structure to file
PROCESSING NEW INDIVIDUAL: INDEX = 3794, PERSON = SUPERINTENDENT - MS. KARINA COSTANTINO
Resulting Email Address For Person: COSTANTINO = None
Sleeping for 38 seconds

PROCESSING NEW INDIVIDUAL: INDEX = 3795, PERSON = PRINCIPAL - MS. CAROL HEERAMAN
Resulting Email Address For Person: HEERAMAN = CHEERAMAN@SCHOOLS.NYC.GOV
Sleeping for 29 seconds

PROCESSING NEW INDIVIDUAL: INDEX = 3796, PERSON = PRINCIPAL - MS. DIANE PICUCCI

Message: TimedPromise timed out after 300000 ms

Error has occured.. writing data structure to file
PROCESSING NEW INDIVIDUAL: INDEX = 3797, PERSON = PRINCIPAL - MS. MARIELENA CIPRIANO SANTIAG
Resulting Email Address For Person: SANTIAG = None
Sleeping for 9 seconds

PROCESSING NEW INDIVIDUAL: INDEX = 3798, PERSON = PRINCIPAL - MS. JAYNEMARIE CAPETANAKIS

Message: TimedPromise timed out after 300000 ms

Error has occured.. writing data structure to file
PROCESSING NEW INDIVIDUAL: INDEX = 3799, PERSON = PRINCIPAL - MS. CORNELIA SICHENZE

Message: TimedPromise timed out after 300000 ms

Error has occured.. writing data structure to file
PROCESSING NEW INDIVIDUAL: INDEX = 3800, PERSON = PRINCIPAL - MS. SUZANNE GORDON

Message: TimedPromise timed out after 300000 ms

Error has occured.. writing data structure to file
PROCESSING NEW INDIVIDUAL: INDEX = 3801, PERSON = PRINCIPAL - MS. JOHANNA CASTRONOVO
Resulting Email Address For Person: CASTRONOVO = None
Sleeping for 17 seconds

PROCESSING NEW INDIVIDUAL: INDEX = 3802, PERSON = PRINCIPAL - MS. LOUISE ALFANO

Message: TimedPromise timed out after 300000 ms

Error has occured.. writing data structure to file
PROCESSING NEW INDIVIDUAL: INDEX = 3803, PERSON = PRINCIPAL - MS. AGATHA ALICANDRO
Resulting Email Address For Person: ALICANDRO = AAlicandro@schools.nyc.gov
Sleeping for 40 seconds

PROCESSING NEW INDIVIDUAL: INDEX = 3804, PERSON = PRINCIPAL - MS. MARGARET RUSSO
Resulting Email Address For Person: RUSSO = mrusso@schools.nyc.gov
Sleeping for 5 seconds

PROCESSING NEW INDIVIDUAL: INDEX = 3805, PERSON = PRINCIPAL - MR. JARED SHAPIRO
Resulting Email Address For Person: SHAPIRO = None
Sleeping for 4 seconds

PROCESSING NEW INDIVIDUAL: INDEX = 3806, PERSON = PRINCIPAL - MS. ERICA STEINBERG
Resulting Email Address For Person: STEINBERG = ESTEINBERG@SCHOOLS.NYC.GOV
Sleeping for 17 seconds

PROCESSING NEW INDIVIDUAL: INDEX = 3807, PERSON = PRINCIPAL - MR. ZHEN WU
Resulting Email Address For Person: WU = zwu@schools.nyc.gov
Sleeping for 7 seconds

PROCESSING NEW INDIVIDUAL: INDEX = 3808, PERSON = PRINCIPAL - MS. ELIZABETH CULKIN
Resulting Email Address For Person: CULKIN = ECULKIN@SCHOOLS.NYC.GOV
Sleeping for 43 seconds

PROCESSING NEW INDIVIDUAL: INDEX = 3809, PERSON = PRINCIPAL - MS. BERNEL CONNELLY THOMAS
Resulting Email Address For Person: THOMAS = None
Sleeping for 44 seconds

PROCESSING NEW INDIVIDUAL: INDEX = 3810, PERSON = PRINCIPAL - MR. ANGELO J. SACCO
Resulting Email Address For Person: SACCO = None
Sleeping for 24 seconds

PROCESSING NEW INDIVIDUAL: INDEX = 3811, PERSON = PRINCIPAL - MS. RENA GOUDELIAS

Message: TimedPromise timed out after 300000 ms

Error has occured.. writing data structure to file
PROCESSING NEW INDIVIDUAL: INDEX = 3812, PERSON = PRINCIPAL - MS. BAYAN CADOTTE
Resulting Email Address For Person: CADOTTE = BCADOTTE@SCHOOLS.NYC.GOV
Sleeping for 27 seconds

PROCESSING NEW INDIVIDUAL: INDEX = 3813, PERSON = PRINCIPAL - MR. JUSTIN BERMAN
Resulting Email Address For Person: BERMAN = JBERMAN3@SCHOOLS.NYC.GOV
Sleeping for 24 seconds

PROCESSING NEW INDIVIDUAL: INDEX = 3814, PERSON = PRINCIPAL - MR. COLBY MUSCARELLE
Resulting Email Address For Person: MUSCARELLE = None
Sleeping for 7 seconds

PROCESSING NEW INDIVIDUAL: INDEX = 3815, PERSON = PRINCIPAL - MR. JAVIER MUNIZ
Resulting Email Address For Person: MUNIZ = jmuniz@schools.nyc.gov
Sleeping for 8 seconds

PROCESSING NEW INDIVIDUAL: INDEX = 3816, PERSON = PRINCIPAL - MR. ROBERT CIULLA
Resulting Email Address For Person: CIULLA = None
Sleeping for 28 seconds

PROCESSING NEW INDIVIDUAL: INDEX = 3817, PERSON = PRINCIPAL - MS. ROSEANN SAINATO
Resulting Email Address For Person: SAINATO = None
Sleeping for 5 seconds

PROCESSING NEW INDIVIDUAL: INDEX = 3818, PERSON = PRINCIPAL - MS. FEIGA MANDEL
Resulting Email Address For Person: MANDEL = FMANDEL3@SCHOOLS.NYC.GOV
Sleeping for 36 seconds

PROCESSING NEW INDIVIDUAL: INDEX = 3819, PERSON = PRINCIPAL - MR. SHELDON DEMPSTER
Resulting Email Address For Person: DEMPSTER = SDEMPSTER@SCHOOLS.NYC.GOV
Sleeping for 13 seconds

PROCESSING NEW INDIVIDUAL: INDEX = 3820, PERSON = PRINCIPAL - MR. ANDREW FRANK
Resulting Email Address For Person: FRANK = AFRANK2@SCHOOLS.NYC.GOV
Sleeping for 25 seconds

PROCESSING NEW INDIVIDUAL: INDEX = 3821, PERSON = PRINCIPAL - DR. EDWIN HERNANDEZ
Resulting Email Address For Person: HERNANDEZ = None
Sleeping for 14 seconds

PROCESSING NEW INDIVIDUAL: INDEX = 3822, PERSON = PRINCIPAL - MR. WILLIAM KIRK
Resulting Email Address For Person: KIRK = WKIRK@SCHOOLS.NYC.GOV
Sleeping for 36 seconds

PROCESSING NEW INDIVIDUAL: INDEX = 3823, PERSON = PRINCIPAL - MR. CHRISTOPHER E. OGNO
Resulting Email Address For Person: OGNO = cogno@schools.nyc.gov
Sleeping for 4 seconds

PROCESSING NEW INDIVIDUAL: INDEX = 3824, PERSON = PRINCIPAL - MS. JANICE GEARY
Resulting Email Address For Person: GEARY = JGEARY@SCHOOLS.NYC.GOV
Sleeping for 21 seconds

PROCESSING NEW INDIVIDUAL: INDEX = 3825, PERSON = PRINCIPAL - MS. MARISA BOLOGNINO

Message: TimedPromise timed out after 300000 ms

Error has occured.. writing data structure to file
PROCESSING NEW INDIVIDUAL: INDEX = 3826, PERSON = PRINCIPAL - MR. YUQING HONG

Message: TimedPromise timed out after 300000 ms

Error has occured.. writing data structure to file
PROCESSING NEW INDIVIDUAL: INDEX = 3827, PERSON = PRINCIPAL - MS. NINA DEMOS
Resulting Email Address For Person: DEMOS = NDEMOS@SCHOOLS.NYC.GOV
Sleeping for 12 seconds

PROCESSING NEW INDIVIDUAL: INDEX = 3828, PERSON = PRINCIPAL - MS. DANA PARENTINI
Resulting Email Address For Person: PARENTINI = DPARENTINI@SCHOOLS.NYC.GOV
Sleeping for 24 seconds

PROCESSING NEW INDIVIDUAL: INDEX = 3829, PERSON = PRINCIPAL - MS. JOSEPHIN SPORTELLA-GIUSTO
Resulting Email Address For Person: SPORTELLA-GIUSTO = None
Sleeping for 11 seconds

PROCESSING NEW INDIVIDUAL: INDEX = 3830, PERSON = PRINCIPAL - MR. ERIC HAVLIK
Resulting Email Address For Person: HAVLIK = EHAVLIK@BSI686.ORG
Sleeping for 2 seconds

PROCESSING NEW INDIVIDUAL: INDEX = 3831, PERSON = PRINCIPAL - MS. URSULA ANNIO
Resulting Email Address For Person: ANNIO = None
Sleeping for 29 seconds

PROCESSING NEW INDIVIDUAL: INDEX = 3832, PERSON = PRINCIPAL - MS. DONNA NASTASI
Resulting Email Address For Person: NASTASI = None
Sleeping for 45 seconds

PROCESSING NEW INDIVIDUAL: INDEX = 3833, PERSON = PRINCIPAL - MS. GEORGIA MOUSOUROULIS
Resulting Email Address For Person: MOUSOUROULIS = None
Sleeping for 10 seconds

PROCESSING NEW INDIVIDUAL: INDEX = 3834, PERSON = PRINCIPAL - MS. RUTH STANISLAUS

Message: TimedPromise timed out after 300000 ms

Error has occured.. writing data structure to file
PROCESSING NEW INDIVIDUAL: INDEX = 3835, PERSON = PRINCIPAL - MS. MAUREEN A. GOLDFARB
Resulting Email Address For Person: GOLDFARB = None
Sleeping for 37 seconds

PROCESSING NEW INDIVIDUAL: INDEX = 3836, PERSON = PRINCIPAL - MS. XHENETE SHEPARD
Resulting Email Address For Person: SHEPARD = XSHEPARD@HSTAT.ORG
Sleeping for 32 seconds

PROCESSING NEW INDIVIDUAL: INDEX = 3837, PERSON = PRINCIPAL - MS. KAYE HOULIHAN

Message: Reached error page: about:neterror?e=dnsNotFound&u=https%3A//www.greatschools.org/new-york/brooklynSchool/&c=UTF-8&d=We%20can%E2%80%99t%20connect%20to%20the%20server%20at%20www.greatschools.org.

Error has occured.. writing data structure to file
PROCESSING NEW INDIVIDUAL: INDEX = 3838, PERSON = PRINCIPAL - MS. MELANIE KATZ

HTTPSConnectionPool(host='www.google.com', port=443): Max retries exceeded with url: /search?q=FRANKLIN+D+ROCIPAL+-+MS.+MELANIE+KATZ,+email+address+contact+information&num=11&hl=en (Caused by NewConnectionError('<urlection object at 0x000002738D1653C8>: Failed to establish a new connection: [Errno 11001] getaddrinfo failed
Error has occured.. writing data structure to file
PROCESSING NEW INDIVIDUAL: INDEX = 3839, PERSON = PRINCIPAL - MS. NATALIE JUFER

HTTPSConnectionPool(host='www.google.com', port=443): Max retries exceeded with url: /search?q=URBAN+ASSEMBLINCIPAL+-+MS.+NATALIE+JUFER,+email+address+contact+information&num=11&hl=en (Caused by NewConnectionError('<onnection object at 0x000002738D1659C8>: Failed to establish a new connection: [Errno 11001] getaddrinfo fai
Error has occured.. writing data structure to file
PROCESSING NEW INDIVIDUAL: INDEX = 3840, PERSON = PRINCIPAL - MR. KEVIN FLANAGAN

HTTPSConnectionPool(host='www.google.com', port=443): Max retries exceeded with url: /search?q=ST+ANSELM+CAT-+MR.+KEVIN+FLANAGAN,+email+address+contact+information&num=11&hl=en (Caused by NewConnectionError('<urllib3on object at 0x000002738D165148>: Failed to establish a new connection: [Errno 11001] getaddrinfo failed'))
Error has occured.. writing data structure to file
PROCESSING NEW INDIVIDUAL: INDEX = 3841, PERSON = PRINCIPAL - SISTER JOAN DIRIENZO

HTTPSConnectionPool(host='www.google.com', port=443): Max retries exceeded with url: /search?q=ST+BERNADETTEPAL+-+SISTER+JOAN+DIRIENZO,+email+address+contact+information&num=11&hl=en (Caused by NewConnectionError('<unnection object at 0x000002738D165848>: Failed to establish a new connection: [Errno 11001] getaddrinfo fail
Error has occured.. writing data structure to file
PROCESSING NEW INDIVIDUAL: INDEX = 3842, PERSON = PRINCIPAL - MR. CRAIG MERCADO

HTTPSConnectionPool(host='www.google.com', port=443): Max retries exceeded with url: /search?q=ST+EPHREM+CAT-+MR.+CRAIG+MERCADO,+email+address+contact+information&num=11&hl=en (Caused by NewConnectionError('<urllib3.n object at 0x000002738C97CCC8>: Failed to establish a new connection: [Errno 11001] getaddrinfo failed'))
Error has occured.. writing data structure to file
PROCESSING NEW INDIVIDUAL: INDEX = 3843, PERSON = PRINCIPAL - MS. MARY ANN SPICIJARIC

HTTPSConnectionPool(host='www.google.com', port=443): Max retries exceeded with url: /search?q=FONTBONNE+HAL.+MARY+ANN+SPICIJARIC,+email+address+contact+information&num=11&hl=en (Caused by NewConnectionError('<urllibion object at 0x000002738D3EB888>: Failed to establish a new connection: [Errno 11001] getaddrinfo failed'))
Error has occured.. writing data structure to file
PROCESSING NEW INDIVIDUAL: INDEX = 3844, PERSON = PRINCIPAL - MRS. MARGARET TYNDALL

HTTPSConnectionPool(host='www.google.com', port=443): Max retries exceeded with url: /search?q=OUR+LADY+OF+PRINCIPAL+-+MRS.+MARGARET+TYNDALL,+email+address+contact+information&num=11&hl=en (Caused by NewConnectionErrTTPSConnection object at 0x000002738D3EB548>: Failed to establish a new connection: [Errno 11001] getaddrinf
Error has occured.. writing data structure to file
PROCESSING NEW INDIVIDUAL: INDEX = 3845, PERSON = PRINCIPAL - MS. KATHLEEN CURATOLO

HTTPSConnectionPool(host='www.google.com', port=443): Max retries exceeded with url: /search?q=ST+PATRICK+CA+-+MS.+KATHLEEN+CURATOLO,+email+address+contact+information&num=11&hl=en (Caused by NewConnectionError('<urlection object at 0x000002738AC12D08>: Failed to establish a new connection: [Errno 11001] getaddrinfo failed
Error has occured.. writing data structure to file
PROCESSING NEW INDIVIDUAL: INDEX = 3846, PERSON = PRINCIPAL - MRS. JEAN BERNIERI

HTTPSConnectionPool(host='www.google.com', port=443): Max retries exceeded with url: /search?q=VISITATION+ACEAN+BERNIERI,+email+address+contact+information&num=11&hl=en (Caused by NewConnectionError('<urllib3.connectt at 0x000002738AC125C8>: Failed to establish a new connection: [Errno 11001] getaddrinfo failed'))
Error has occured.. writing data structure to file
PROCESSING NEW INDIVIDUAL: INDEX = 3847, PERSON = PRESIDENT - MR. ROBERT B. ALESI

HTTPSConnectionPool(host='www.google.com', port=443): Max retries exceeded with url: /search?q=XAVERIAN+HIGHROBERT+B.+ALESI,+email+address+contact+information&num=11&hl=en (Caused by NewConnectionError('<urllib3.connject at 0x000002738AAC3AC8>: Failed to establish a new connection: [Errno 11001] getaddrinfo failed'))
Error has occured.. writing data structure to file
PROCESSING NEW INDIVIDUAL: INDEX = 3848, PERSON = PRINCIPAL - MRS. B NEKRITZ

HTTPSConnectionPool(host='www.google.com', port=443): Max retries exceeded with url: /search?q=BETH+JACOB+HIS.+B+NEKRITZ,+email+address+contact+information&num=11&hl=en (Caused by NewConnectionError('<urllib3.connectt at 0x000002738B1349C8>: Failed to establish a new connection: [Errno 11001] getaddrinfo failed'))
Error has occured.. writing data structure to file
PROCESSING NEW INDIVIDUAL: INDEX = 3849, PERSON = PRINCIPAL - MRS. MINDI MARGULIES

HTTPSConnectionPool(host='www.google.com', port=443): Max retries exceeded with url: /search?q=BAIS+ROCHEL+SIPAL+-+MRS.+MINDI+MARGULIES,+email+address+contact+information&num=11&hl=en (Caused by NewConnectionError('<onnection object at 0x000002738AC65F88>: Failed to establish a new connection: [Errno 11001] getaddrinfo fai
Error has occured.. writing data structure to file
PROCESSING NEW INDIVIDUAL: INDEX = 3850, PERSON = PRINCIPAL - MR. JACOB LANDAU

HTTPSConnectionPool(host='www.google.com', port=443): Max retries exceeded with url: /search?q=YESHIVA+&+MESAL+-+MR.+JACOB+LANDAU,+email+address+contact+information&num=11&hl=en (Caused by NewConnectionError('<urllibion object at 0x000002738B134548>: Failed to establish a new connection: [Errno 11001] getaddrinfo failed'))
Error has occured.. writing data structure to file
PROCESSING NEW INDIVIDUAL: INDEX = 3851, PERSON = PRINCIPAL - RABBI MEIR GUTFRUEND

HTTPSConnectionPool(host='www.google.com', port=443): Max retries exceeded with url: /search?q=MESIVTA+SHOLOABBI+MEIR+GUTFRUEND,+email+address+contact+information&num=11&hl=en (Caused by NewConnectionError('<urllib3.n object at 0x000002738B1340C8>: Failed to establish a new connection: [Errno 11001] getaddrinfo failed'))
Error has occured.. writing data structure to file
PROCESSING NEW INDIVIDUAL: INDEX = 3852, PERSON = ADMINISTRATOR - MR. YAAKOV Y. STEINMETZ

HTTPSConnectionPool(host='www.google.com', port=443): Max retries exceeded with url: /search?q=CONGREGATION+TOR+-+MR.+YAAKOV+Y.+STEINMETZ,+email+address+contact+information&num=11&hl=en (Caused by NewConnectionError(SConnection object at 0x000002738AB714C8>: Failed to establish a new connection: [Errno 11001] getaddrinfo f
Error has occured.. writing data structure to file
PROCESSING NEW INDIVIDUAL: INDEX = 3853, PERSON = ADMINISTRATOR - MR. MOSHE LEDERER

HTTPSConnectionPool(host='www.google.com', port=443): Max retries exceeded with url: /search?q=TALMUD+TORAH+-+MR.+MOSHE+LEDERER,+email+address+contact+information&num=11&hl=en (Caused by NewConnectionError('<urllib3.n object at 0x000002738AB95B88>: Failed to establish a new connection: [Errno 11001] getaddrinfo failed'))
Error has occured.. writing data structure to file
PROCESSING NEW INDIVIDUAL: INDEX = 3854, PERSON = ADMINISTRATOR - MR. ZORACH SHAIN

HTTPSConnectionPool(host='www.google.com', port=443): Max retries exceeded with url: /search?q=YESHIVA+KETANTRATOR+-+MR.+ZORACH+SHAIN,+email+address+contact+information&num=11&hl=en (Caused by NewConnectionError('<urnection object at 0x000002738AB95108>: Failed to establish a new connection: [Errno 11001] getaddrinfo faile
Error has occured.. writing data structure to file
PROCESSING NEW INDIVIDUAL: INDEX = 3855, PERSON = SUPERVISOR - MS. ESTHER HELFGOTT

HTTPSConnectionPool(host='www.google.com', port=443): Max retries exceeded with url: /search?q=JEWISH+CENTERR+-+MS.+ESTHER+HELFGOTT,+email+address+contact+information&num=11&hl=en (Caused by NewConnectionError('<urllction object at 0x000002738B401C48>: Failed to establish a new connection: [Errno 11001] getaddrinfo failed'
Error has occured.. writing data structure to file
PROCESSING NEW INDIVIDUAL: INDEX = 3856, PERSON = PRINCIPAL - MR. JACOB FELDMAN

HTTPSConnectionPool(host='www.google.com', port=443): Max retries exceeded with url: /search?q=YESHIVA+AND+MINCIPAL+-+MR.+JACOB+FELDMAN,+email+address+contact+information&num=11&hl=en (Caused by NewConnectionError('<onnection object at 0x000002738D519B88>: Failed to establish a new connection: [Errno 11001] getaddrinfo fai
Error has occured.. writing data structure to file
PROCESSING NEW INDIVIDUAL: INDEX = 3857, PERSON = ADMININSTRATOR - MR. JACOB GUTMAN

HTTPSConnectionPool(host='www.google.com', port=443): Max retries exceeded with url: /search?q=MOSDOS+SATMAR+JACOB+GUTMAN,+email+address+contact+information&num=11&hl=en (Caused by NewConnectionError('<urllib3.connecct at 0x000002738B50F2C8>: Failed to establish a new connection: [Errno 11001] getaddrinfo failed'))
Error has occured.. writing data structure to file
PROCESSING NEW INDIVIDUAL: INDEX = 3858, PERSON = ADMINISTRATOR - MR. SOLOMON KERNKRAUT

HTTPSConnectionPool(host='www.google.com', port=443): Max retries exceeded with url: /search?q=BAIS+SHIFRA,+ON+KERNKRAUT,+email+address+contact+information&num=11&hl=en (Caused by NewConnectionError('<urllib3.connectt at 0x000002738B50F188>: Failed to establish a new connection: [Errno 11001] getaddrinfo failed'))
Error has occured.. writing data structure to file
Traceback (most recent call last):
  File "C:\Users\micha\AppData\Local\Programs\Python\Python37\lib\site-packages\urllib3\connection.py", line
    (self._dns_host, self.port), self.timeout, **extra_kw
  File "C:\Users\micha\AppData\Local\Programs\Python\Python37\lib\site-packages\urllib3\util\connection.py",ction
    for res in socket.getaddrinfo(host, port, family, socket.SOCK_STREAM):
  File "C:\Users\micha\AppData\Local\Programs\Python\Python37\lib\socket.py", line 752, in getaddrinfo
    for res in _socket.getaddrinfo(host, port, family, type, proto, flags):
socket.gaierror: [Errno 11001] getaddrinfo failed

During handling of the above exception, another exception occurred:

Traceback (most recent call last):
  File "C:\Users\micha\AppData\Local\Programs\Python\Python37\lib\site-packages\urllib3\connectionpool.py", 
    chunked=chunked,
  File "C:\Users\micha\AppData\Local\Programs\Python\Python37\lib\site-packages\urllib3\connectionpool.py", t
    self._validate_conn(conn)
  File "C:\Users\micha\AppData\Local\Programs\Python\Python37\lib\site-packages\urllib3\connectionpool.py", nn
    conn.connect()
  File "C:\Users\micha\AppData\Local\Programs\Python\Python37\lib\site-packages\urllib3\connection.py", line
    conn = self._new_conn()
  File "C:\Users\micha\AppData\Local\Programs\Python\Python37\lib\site-packages\urllib3\connection.py", line
    self, "Failed to establish a new connection: %s" % e
urllib3.exceptions.NewConnectionError: <urllib3.connection.HTTPSConnection object at 0x000002738B50F188>: Faonnection: [Errno 11001] getaddrinfo failed

During handling of the above exception, another exception occurred:

Traceback (most recent call last):
  File "C:\Users\micha\AppData\Local\Programs\Python\Python37\lib\site-packages\requests\adapters.py", line 
    timeout=timeout
  File "C:\Users\micha\AppData\Local\Programs\Python\Python37\lib\site-packages\urllib3\connectionpool.py", 
    method, url, error=e, _pool=self, _stacktrace=sys.exc_info()[2]
  File "C:\Users\micha\AppData\Local\Programs\Python\Python37\lib\site-packages\urllib3\util\retry.py", line
    raise MaxRetryError(_pool, url, error or ResponseError(cause))
urllib3.exceptions.MaxRetryError: HTTPSConnectionPool(host='www.google.com', port=443): Max retries exceeded+SHIFRA,+ADMINISTRATOR+-+MR.+SOLOMON+KERNKRAUT,+email+address+contact+information&num=11&hl=en (Caused by Ne3.connection.HTTPSConnection object at 0x000002738B50F188>: Failed to establish a new connection: [Errno 110

During handling of the above exception, another exception occurred:

Traceback (most recent call last):
  File "C:\Users\micha\Projects\Rubin\projects\webscraping\Search.py", line 62, in run
    resultingWebPages = search(searchStringText, num_results=10)
  File "C:\Users\micha\AppData\Local\Programs\Python\Python37\lib\site-packages\googlesearch\__init__.py", l
    html = fetch_results(term, num_results, lang)
  File "C:\Users\micha\AppData\Local\Programs\Python\Python37\lib\site-packages\googlesearch\__init__.py", l


During handling of the above exception, another exception occurred:

Traceback (most recent call last):
  File "index.py", line 5, in <module>
    search = Search()
  File "C:\Users\micha\Projects\Rubin\projects\webscraping\Search.py", line 14, in __init__
    self.run()
  File "C:\Users\micha\AppData\Local\Programs\Python\Python37\lib\site-packages\pandas\core\generic.py", lino_excel
    storage_options=storage_options,
  File "C:\Users\micha\AppData\Local\Programs\Python\Python37\lib\site-packages\pandas\io\formats\excel.py",n write
    freeze_panes=freeze_panes,
  File "C:\Users\micha\AppData\Local\Programs\Python\Python37\lib\site-packages\pandas\io\excel\_xlwt.py", lrite_cells
    for cell in cells:
  File "C:\Users\micha\AppData\Local\Programs\Python\Python37\lib\site-packages\pandas\io\formats\excel.py",n get_formatted_cells
    cell.val = self._format_value(cell.val)
  File "C:\Users\micha\AppData\Local\Programs\Python\Python37\lib\site-packages\pandas\io\formats\excel.py",n _format_value
    if is_scalar(val) and missing.isna(val):
  File "C:\Users\micha\AppData\Local\Programs\Python\Python37\lib\site-packages\pandas\core\dtypes\missing.py", line 50, in isna
    def isna(obj):
KeyboardInterrupt